


Inizio installazione personalizzazione 21-03-2022 10:35:56

Installazione personalizzazione Terminata



Inizio installazione personalizzazione 21-03-2022 10:47:03
Problemi di esecuzione di C:\USERS\MARCO.CARDINALE\DOCUMENTS\AUXCOORP\INSTALLA\Pre_Install.prg :21-03-2022 10:47:03
     Errore 1934 - Statement is only valid within a method.


Inizio installazione personalizzazione 21-03-2022 10:47:59
Problemi di esecuzione di C:\USERS\MARCO.CARDINALE\DOCUMENTS\AUXCOORP\INSTALLA\Pre_Install.prg :21-03-2022 10:47:59
     Errore 1934 - Statement is only valid within a method.


Inizio installazione personalizzazione 21-03-2022 10:48:29
Esecuzione di C:\USERS\MARCO.CARDINALE\DOCUMENTS\AUXCOORP\INSTALLA\Pre_Install.prg

Esecuzione script su server:
P_UPDATE_OBJECTNAMES.SQL... OK!
T_AGENTE.SQL... OK!
T_AR.SQL... OK!
T_CF.SQL... OK!
T_DO.SQL... OK!
T_DORIG.SQL... OK!
T_X_CITTA.SQL... OK!
T_X_ORE.SQL... OK!
V_X_NS.SQL... OK!
V_X_OVC.SQL... OK!
Z_QUERYCITTA.SQL... OK!

Import dei Reports:
BUSTE PAGA A3[DOCUMENTI].ARIF... OK!
BUSTE PAGA[DOCUMENTI].ARIF... OK!
XLIQUIDAZIONE AGENTI[LIQUIDAZIONEAGENTI].ARIF... OK!

Import dei Menus:
MENU.AMIF... OK!

Copia delle forms:
CMD_XCREAFT.VCT... OK!
CMD_XCREAFT.VCX... OK!
CMD_XEVADIFT.VCT... OK!
CMD_XEVADIFT.VCX... OK!
FEDI_AGENTE.VCT... OK!
FEDI_AGENTE.VCX... OK!
FEDI_ARTICOLO.VCT... OK!
FEDI_ARTICOLO.VCX... OK!
FEDI_CF.VCT... OK!
FEDI_CF.VCX... OK!
FEDI_CFCLI.VCT... OK!
FEDI_CFCLI.VCX... OK!
FEDI_CGMOVT.VCT... OK!
FEDI_CGMOVT.VCX... OK!
FEDI_DO.VCT... OK!
FEDI_DO.VCX... OK!
FEDI_DOC_CA.RAR... OK!
FEDI_DOC_CA.VCT... OK!
FEDI_DOC_CA.VCX... OK!
FEDI_X_CITTA.VCT... OK!
FEDI_X_CITTA.VCX... OK!
FEDI_X_ORE.VCT... OK!
FEDI_X_ORE.VCX... OK!
OLD_CMD_XEVADIFT - COPIA.VCT... OK!
OLD_CMD_XEVADIFT - COPIA.VCX... OK!
REPO_DOC_CA.VCT... OK!
REPO_DOC_CA.VCX... OK!

Installazione personalizzazione Terminata



Inizio installazione personalizzazione 21-03-2022 17:13:23
Esecuzione di C:\USERS\MARCO.CARDINALE\DOCUMENTS\AUXCOORP\INSTALLA\Pre_Install.prg

Esecuzione script su server:
P_UPDATE_OBJECTNAMES.SQL... OK!
T_AGENTE.SQL... OK!
T_AR.SQL... OK!
T_CF.SQL... OK!
T_DO.SQL... OK!
T_DORIG.SQL... OK!
T_X_CITTA.SQL... OK!
T_X_ORE.SQL... OK!
V_X_NS.SQL... OK!
V_X_OVC.SQL... OK!
Z_QUERYCITTA.SQL... OK!

Import dei Reports:
BUSTE PAGA A3[DOCUMENTI].ARIF... OK!
BUSTE PAGA[DOCUMENTI].ARIF... OK!
XLIQUIDAZIONE AGENTI[LIQUIDAZIONEAGENTI].ARIF... OK!

Import dei Menus:
MENU.AMIF... OK!

Creazione directory C:\PROGRAM FILES (X86)\ARTEL\ARCAEVOLUTION\PERS\mi9mmo

Copia delle forms:
CMD_XCREAFT.VCT... OK!
CMD_XCREAFT.VCX... OK!
CMD_XEVADIFT.VCT... OK!
CMD_XEVADIFT.VCX... OK!
FEDI_AGENTE.VCT... OK!
FEDI_AGENTE.VCX... OK!
FEDI_ARTICOLO.VCT... OK!
FEDI_ARTICOLO.VCX... OK!
FEDI_CF.VCT... OK!
FEDI_CF.VCX... OK!
FEDI_CFCLI.VCT... OK!
FEDI_CFCLI.VCX... OK!
FEDI_CGMOVT.VCT... OK!
FEDI_CGMOVT.VCX... OK!
FEDI_DO.VCT... OK!
FEDI_DO.VCX... OK!
FEDI_DOC_CA.VCT... OK!
FEDI_DOC_CA.VCX... OK!
FEDI_X_CITTA.VCT... OK!
FEDI_X_CITTA.VCX... OK!
FEDI_X_ORE.VCT... OK!
FEDI_X_ORE.VCX... OK!
OLD_CMD_XEVADIFT - COPIA.VCT... OK!
OLD_CMD_XEVADIFT - COPIA.VCX... OK!
REPO_DOC_CA.VCT... OK!
REPO_DOC_CA.VCX... OK!

Installazione personalizzazione Terminata



Inizio installazione personalizzazione 21-03-2022 17:51:47
Esecuzione di C:\USERS\MARCO.CARDINALE\DOCUMENTS\AUXCOORP\INSTALLA\Pre_Install.prg

Esecuzione script su server:
P_UPDATE_OBJECTNAMES.SQL... OK!
T_AGENTE.SQL... OK!
T_AR.SQL... OK!
T_CF.SQL... OK!
T_DO.SQL... OK!
T_DORIG.SQL... OK!
T_X_CITTA.SQL... OK!
T_X_ORE.SQL... OK!
V_X_NS.SQL... OK!
V_X_OVC.SQL... OK!
Z_QUERYCITTA.SQL... OK!

Import dei Reports:
BUSTE PAGA A3[DOCUMENTI].ARIF... OK!
BUSTE PAGA[DOCUMENTI].ARIF... OK!
XLIQUIDAZIONE AGENTI[LIQUIDAZIONEAGENTI].ARIF... OK!

Import dei Menus:
MENU.AMIF... OK!

Creazione directory C:\PROGRAM FILES (X86)\ARTEL\ARCAEVOLUTION\PERS\mimocalogero

Copia delle forms:
CMD_XCREAFT.VCT... OK!
CMD_XCREAFT.VCX... OK!
CMD_XEVADIFT.VCT... OK!
CMD_XEVADIFT.VCX... OK!
FEDI_AGENTE.VCT... OK!
FEDI_AGENTE.VCX... OK!
FEDI_ARTICOLO.VCT... OK!
FEDI_ARTICOLO.VCX... OK!
FEDI_CF.VCT... OK!
FEDI_CF.VCX... OK!
FEDI_CFCLI.VCT... OK!
FEDI_CFCLI.VCX... OK!
FEDI_CGMOVT.VCT... OK!
FEDI_CGMOVT.VCX... OK!
FEDI_DO.VCT... OK!
FEDI_DO.VCX... OK!
FEDI_DOC_CA.VCT... OK!
FEDI_DOC_CA.VCX... OK!
FEDI_X_CITTA.VCT... OK!
FEDI_X_CITTA.VCX... OK!
FEDI_X_ORE.VCT... OK!
FEDI_X_ORE.VCX... OK!
OLD_CMD_XEVADIFT - COPIA.VCT... OK!
OLD_CMD_XEVADIFT - COPIA.VCX... OK!
REPO_DOC_CA.VCT... OK!
REPO_DOC_CA.VCX... OK!

Installazione personalizzazione Terminata



Inizio installazione personalizzazione 01-04-2022 12:08:27
Esecuzione di C:\USERS\MARCO.CARDINALE\DOWNLOADS\CCAN430-SETUP\CCAN430-SETUP\Pre_Install.prg

Esecuzione script su server:
00-CCAN_SETUP.SQL... OK!

Import dei Reports:
ANALISI GARANZIA IMPIANTOCLI[XRD].ARIF... OK!
ANALISI GARANZIA IMPIANTOCLI[XRDANALISI].ARIF... OK!
ANALISI GARANZIA MATRICOLACLI[XRD].ARIF... OK!
ANALISI GARANZIA MATRICOLACLI[XRDANALISI].ARIF... OK!
ANALISI GARANZIA SOTTOCOM.CLI[XRD].ARIF... OK!
ANALISI GARANZIA SOTTOCOM.CLI[XRDANALISI].ARIF... OK!
ANALISI RICAMBI IMPIANTO[XRD].ARIF... OK!
ANALISI RICAMBI MATRICOLA[XRD].ARIF... OK!
ANALISI RICAMBI SOTTOCOMMESSA[XRD].ARIF... OK!
ASSMATCOMMESSA[XGAC].ARIF... OK!
ASSMATCOMMESSA_ECCEZIONI[XGAC].ARIF... OK!
ASSMATCOMMESSA_PARZ_COMPL[XGAC].ARIF... OK!
ATTIVITÀ INTERVENTI[XIP].ARIF... OK!
ATTIVITA PER OPERATORE[XRD].ARIF... OK!
ATTIVITA TICKET TOT[XRD].ARIF... OK!
ATTIVITA TICKET[XRD].ARIF... OK!
CALENDARIO OPER. UTILIZZABILI[XRD].ARIF... OK!
COMMESSE1 - COSTI[DOCUMENTI].ARIF... OK!
CONSUNTIVOCOMMESSA[XGAC].ARIF... OK!
CONSUNTIVOCOMMESSACOSTI[XGAC].ARIF... OK!
CONSUNTIVOCOMMESSAGRUPPO[XGAC].ARIF... OK!
CONSUNTIVOCOMMESSAGRUPPOCOSTI[XGAC].ARIF... OK!
CONSUNTIVOSOTTOCOMMESSA[XGAC].ARIF... OK!
CONSUNTIVOSOTTOCOMMESSACOSTI[XGAC].ARIF... OK!
CONSUNTIVOSOTTOCOMMESSAGRUPPO[XGAC].ARIF... OK!
CONSUNTIVOSOTTOCOMMESSAGRUPPOC[XGAC].ARIF... OK!
CONTRATTI PLAFOND ORE[XCR].ARIF... OK!
CONTRATTI SCADENZE RIEPILOGO[XCR].ARIF... OK!
CONTRATTI SCADENZE[XCR].ARIF... OK!
CONTRATTI[XCR].ARIF... OK!
CONTRATTO ASSISTENZA MATRICOLE[XCR].ARIF... OK!
CONTRATTO ASSISTENZA[XCR].ARIF... OK!
CONTRATTO DI ASSISTENZA[XCR].ARIF... OK!
CONTRATTO NOLEGGIO DETT. MAT[XNO].ARIF... OK!
CONTRATTO NOLEGGIO DETT.[XNO].ARIF... OK!
CONTRATTO NOLEGGIO[XNO].ARIF... OK!
CONTROLLO LAVORI[XSTATOLAVORO].ARIF... OK!
DETTAGLIO COMMESSA[XGAC].ARIF... OK!
DETTAGLIO PREVENTIVO[XPR].ARIF... OK!
DETTAGLIO SOTTOPREVENTIVO[XPR].ARIF... OK!
DOCUMENTI PER COMMESSA[DOCUMENTI].ARIF... OK!
ELENCO COMMESSE[XGAC].ARIF... OK!
ELENCO PREVENTIVI[XPR].ARIF... OK!
ELENCO RILEVAZIONI[XRL].ARIF... OK!
ELENCO TICKET[XRD].ARIF... OK!
IMPIANTI CLIENTE[XIMP].ARIF... OK!
INTERVENTI PROGRAMMATI ZONA[XIP].ARIF... OK!
INTERVENTI PROGRAMMATI[XIP].ARIF... OK!
INTERVENTO ESTERNO 2[XRDMODULI].ARIF... OK!
INTERVENTO ESTERNO 3[XRDMODULI].ARIF... OK!
INTERVENTO ESTERNO[XRDMODULI].ARIF... OK!
INTERVENTO TECNICO[XRDMODULI].ARIF... OK!
LETTERA DI INCARICO[XRDMODULI].ARIF... OK!
LETTURE[XCONTATORELETTURA].ARIF... OK!
LETTUREFATTURAZIONE[XCONTATORELETTURA].ARIF... OK!
MODULO COLLAUDO[XRDMODULI].ARIF... OK!
MODULO PREVENTIVO[XPR].ARIF... OK!
MOV. TICKET OPERATORE DURATE[XRD].ARIF... OK!
MOVIMENTI TICKET COMPLETO VAL[XRD].ARIF... OK!
MOVIMENTI TICKET COMPLETO[XRD].ARIF... OK!
MOVIMENTI TICKET DURATE[XRD].ARIF... OK!
MOVIMENTI TICKET PER OPERATORE[XRD].ARIF... OK!
MOVIMENTI TICKET VAL DURATE[XRD].ARIF... OK!
MOVIMENTI TICKET VAL[XRD].ARIF... OK!
MOVIMENTI TICKET[XRD].ARIF... OK!
MRI[XRDMODULI].ARIF... OK!
NOLEGGI DETT. CONT[XNO].ARIF... OK!
NOLEGGI DETT.[XNO].ARIF... OK!
NOLEGGI SVILUPPO SCADENZE[XNO].ARIF... OK!
NOLEGGI[XNO].ARIF... OK!
PIANIFICAZIONE ATTIVITÀ[XRD].ARIF... OK!
PORTAFOGLIO PREVENTIVI[XPR].ARIF... OK!
PREVCONS GRUPPI ORDDAASS[XGAC].ARIF... OK!
PREVCONS ORDDAASS[XGAC].ARIF... OK!
PREVENTIVI ATTIVITAMATERIALI[XPR].ARIF... OK!
PREVENTIVO CON SOTTOPREV. 2[XPR].ARIF... OK!
PREVENTIVO CON SOTTOPREVENTIVI[XPR].ARIF... OK!
PREVENTIVOCONSUNTIVOCOMMESSA[XGAC].ARIF... OK!
PREVENTIVOCONSUNTIVOGRUPPOCOM[XGAC].ARIF... OK!
PREVENTIVOCONSUNTIVOGRUPPOSOT[XGAC].ARIF... OK!
PREVENTIVOCONSUNTIVOSOTTOCOMM[XGAC].ARIF... OK!
PREVISTO  EFFETTIVO TICKET[XRD].ARIF... OK!
PREVISTOEFFETTIVO TICKET[XRD].ARIF... OK!
PREVISTOEFFETTIVO TICKET[XRDANALISI].ARIF... OK!
REDD. CLIENTEIMPIANTO GARANZ.[XRD].ARIF... OK!
REDD. CLIENTEIMPIANTO GARANZ.[XRDANALISI].ARIF... OK!
REDD. CLIENTEMATRICOLA GARANZ[XRD].ARIF... OK!
REDD. CLIENTEMATRICOLA GARANZ[XRDANALISI].ARIF... OK!
REDD. CLIENTESOTTOCOM. GARANZ[XRD].ARIF... OK!
REDD. CLIENTESOTTOCOM. GARANZ[XRDANALISI].ARIF... OK!
REDD. CONTRATTO DETT.[XCR].ARIF... OK!
REDD. CONTRATTO[XCR].ARIF... OK!
REDD. GLOBALE CONTRATTI DETT.[XCR].ARIF... OK!
REDD. GLOBALE CONTRATTI[XCR].ARIF... OK!
REDD. GLOBALE MATRICOLECONTR.[XCR].ARIF... OK!
REDD. SINGOLA MATRICOLACONTR.[XCR].ARIF... OK!
REDD. SINGOLO CONTRATTO DETT.[XCR].ARIF... OK!
REDD. SINGOLO CONTRATTO[XCR].ARIF... OK!
REDDITIVITÀ CLIENTE DETTAGLIO[XRD].ARIF... OK!
REDDITIVITÀ CLIENTE DETTAGLIO[XRDANALISI].ARIF... OK!
REDDITIVITÀ CLIENTE GARANZIA[XRD].ARIF... OK!
REDDITIVITÀ CLIENTE GARANZIA[XRDANALISI].ARIF... OK!
REDDITIVITÀ CLIENTE NO CONTR.[XRD].ARIF... OK!
REDDITIVITÀ CLIENTE[XRD].ARIF... OK!
REDDITIVITÀ CLIENTE[XRDANALISI].ARIF... OK!
REDDITIVITÀ CLIENTEIMPIANTO[XRD].ARIF... OK!
REDDITIVITÀ CLIENTEIMPIANTO[XRDANALISI].ARIF... OK!
REDDITIVITÀ CLIENTEMATRICOLA[XRD].ARIF... OK!
REDDITIVITÀ CLIENTEMATRICOLA[XRDANALISI].ARIF... OK!
REDDITIVITÀ CLIENTESOTTOCOM.[XRD].ARIF... OK!
REDDITIVITÀ CLIENTESOTTOCOM.[XRDANALISI].ARIF... OK!
REDDITIVITÀ MATRICOLA NO CONTR[XRD].ARIF... OK!
REDDITIVITÀ MATRICOLA NO CONTR[XRDANALISI].ARIF... OK!
REDDITIVITÀ MATRICOLA[XRD].ARIF... OK!
REDDITIVITÀ TICKET DETTAGLIO[XRD].ARIF... OK!
REDDITIVITÀ TICKET NO CONTR.[XRD].ARIF... OK!
REDDITIVITÀ TICKET NO CONTR.[XRDANALISI].ARIF... OK!
REDDITIVITÀ TICKET[XRD].ARIF... OK!
REDDITIVITÀ TICKET[XRDANALISI].ARIF... OK!
RICHIESTA INTERVENTO STD[XRDMODULI].ARIF... OK!
RICHIESTA INTERVENTO TICKET[XRDMODULI].ARIF... OK!
RICHIESTA INTERVENTO[XRDMODULI].ARIF... OK!
RIEPCOMMSOTTOCOMM[XGAC].ARIF... OK!
RIEPCOMMSOTTOCOMMINT[XGAC].ARIF... OK!
RIEPILGO COSTI  RICAVI[DOCUMENTI].ARIF... OK!
RIEPILOGO INTERVENTI PREV.[XRD].ARIF... OK!
RIEPILOGO INTERVENTI PREVISTI[XRD].ARIF... OK!
RIEPILOGO INTERVENTI ZONA[XRD].ARIF... OK!
RIEPSOTTOCOMMGIORNAL[XGAC].ARIF... OK!
RIEPSOTTOCOMMGIORNALINT[XGAC].ARIF... OK!
RMA[XRDMODULI].ARIF... OK!
SITUAZIONE ECONOMICA COMM. ASS[XGAC].ARIF... OK!
SITUAZIONE ECONOMICA COMMESSA[XGAC].ARIF... OK!
SITUAZIONE ECONOMICA COMMESSAR[XGAC].ARIF... OK!
STORICO MATRICOLA[XRD].ARIF... OK!
STORICO MATRICOLA[XRDANALISI].ARIF... OK!
UTILIZZO RICAMBI TICKET[XRD].ARIF... OK!

Import delle Analisi Dati:
ATTIVITAMATERIALISPESE[REPO_XRDTICKET].AIIF... OK!
CONSUNTIVO COMMESSA COSTIRICAVI DETT.[REPO_DOSOTTOCOMMESSA].AIIF... OK!
CONSUNTIVO COMMESSA COSTIRICAVI GRUPPI[REPO_DOSOTTOCOMMESSA].AIIF... OK!
MOVIMENTI OPERATORE DATA SPESE[REPO_XRDTICKET].AIIF... OK!
MOVIMENTI OPERATORE DATA[REPO_XRDTICKET].AIIF... OK!
MOVIMENTI OPERATORE[REPO_XRDTICKET].AIIF... OK!
PREVENTIVOCONSUNTIVO COSTI PERIODO[REPO_DOSOTTOCOMMESSA].AIIF... OK!
PREVENTIVOCONSUNTIVO COSTIRICAVI DETT.[REPO_DOSOTTOCOMMESSA].AIIF... OK!
PREVENTIVOCONSUNTIVO COSTIRICAVI GRUP[REPO_DOSOTTOCOMMESSA].AIIF... OK!
SVILUPPO COSTI PERIODO[REPO_XPREVENTIVO].AIIF... OK!

Import dei Moduli:
MRI.ADIF... OK!
RMA.ADIF... OK!

Import dei Menus:
CCAN.AMIF... OK!

Creazione directory C:\PROGRAM FILES (X86)\ARTEL\ARCAEVOLUTION\PERS\studios

Copia dei file DittaExt:
DITTAEXT_CCA.FXP... OK!

Copia delle forms:
CMD_CCA_DOPRELIEVOCREAZIONE.VCT... OK!
CMD_CCA_DOPRELIEVOCREAZIONE.VCX... OK!
CMD_DELDOCUMENTO.VCT... OK!
CMD_DELDOCUMENTO.VCX... OK!
CMD_DOSOTTOCOMMESSA.VCT... OK!
CMD_DOSOTTOCOMMESSA.VCX... OK!
CMD_NUOVADITTA.VCT... OK!
CMD_NUOVADITTA.VCX... OK!
CMD_XCONTATORELETTURA.VCT... OK!
CMD_XCONTATORELETTURA.VCX... OK!
CMD_XCONTATORELETTURAIMPORT.VCT... OK!
CMD_XCONTATORELETTURAIMPORT.VCX... OK!
CMD_XCONTRATTO_AGGIUNTAM.VCT... OK!
CMD_XCONTRATTO_AGGIUNTAM.VCX... OK!
CMD_XCONTRATTO_CREAIP.VCT... OK!
CMD_XCONTRATTO_CREAIP.VCX... OK!
CMD_XCONTRATTO_DISMISSIONEM.VCT... OK!
CMD_XCONTRATTO_DISMISSIONEM.VCX... OK!
CMD_XCONTRATTO_FATTURA.VCT... OK!
CMD_XCONTRATTO_FATTURA.VCX... OK!
CMD_XCONTRATTO_INITIP.VCT... OK!
CMD_XCONTRATTO_INITIP.VCX... OK!
CMD_XCONTRATTO_RINNOVO.VCT... OK!
CMD_XCONTRATTO_RINNOVO.VCX... OK!
CMD_XCONTRATTOIMPORT.VCT... OK!
CMD_XCONTRATTOIMPORT.VCX... OK!
CMD_XCREAZIONEOFFERTE.VCT... OK!
CMD_XCREAZIONEOFFERTE.VCX... OK!
CMD_XDOASSEGNAMATERIALI.VCT... OK!
CMD_XDOASSEGNAMATERIALI.VCX... OK!
CMD_XDOCOMMESSA_GENERA.VCT... OK!
CMD_XDOCOMMESSA_GENERA.VCX... OK!
CMD_XDOIMPORTTXT.VCT... OK!
CMD_XDOIMPORTTXT.VCX... OK!
CMD_XDOPRELIEVOMATRICOLE.VCT... OK!
CMD_XDOPRELIEVOMATRICOLE.VCX... OK!
CMD_XGENERACODICE.VCT... OK!
CMD_XGENERACODICE.VCX... OK!
CMD_XINTERVENTOPROG.VCT... OK!
CMD_XINTERVENTOPROG.VCX... OK!
CMD_XLSIMPORT.VCT... OK!
CMD_XLSIMPORT.VCX... OK!
CMD_XNOLEGGIO_FATTURA.VCT... OK!
CMD_XNOLEGGIO_FATTURA.VCX... OK!
CMD_XNOLEGGIO_RINNOVO.VCT... OK!
CMD_XNOLEGGIO_RINNOVO.VCX... OK!
CMD_XOPERATOREVALIMPORT.VCT... OK!
CMD_XOPERATOREVALIMPORT.VCX... OK!
CMD_XPREVENTIVO_GENERA.VCT... OK!
CMD_XPREVENTIVO_GENERA.VCX... OK!
CMD_XPREVENTIVOIMPORT.VCT... OK!
CMD_XPREVENTIVOIMPORT.VCX... OK!
CMD_XRDIMPORT.VCT... OK!
CMD_XRDIMPORT.VCX... OK!
CMD_XRDIMPORT_CA.VCT... OK!
CMD_XRDIMPORT_CA.VCX... OK!
CMD_XRDTICKET_FATTURA.VCT... OK!
CMD_XRDTICKET_FATTURA.VCX... OK!
CMD_XRDTICKET_GENERA.VCT... OK!
CMD_XRDTICKET_GENERA.VCX... OK!
CMD_XRDTICKET_RIAPERTURA.VCT... OK!
CMD_XRDTICKET_RIAPERTURA.VCX... OK!
CMD_XRDTICKET_VALORIZZA.VCT... OK!
CMD_XRDTICKET_VALORIZZA.VCX... OK!
CMD_XRDTICKETATTIVITAIMPORT.VCT... OK!
CMD_XRDTICKETATTIVITAIMPORT.VCX... OK!
CMD_XRDTICKETATTIVITAMOV.VCT... OK!
CMD_XRDTICKETATTIVITAMOV.VCX... OK!
CMD_XRDTICKETATTIVITAMOV_2IMP.VCT... OK!
CMD_XRDTICKETATTIVITAMOV_2IMP.VCX... OK!
CMD_XSTATOLAVORO.VCT... OK!
CMD_XSTATOLAVORO.VCX... OK!
FEDI_AROTHER.VCT... OK!
FEDI_AROTHER.VCX... OK!
FEDI_CCA_FORMULA.VCT... OK!
FEDI_CCA_FORMULA.VCX... OK!
FEDI_CFZONA.VCT... OK!
FEDI_CFZONA.VCX... OK!
FEDI_DB.VCT... OK!
FEDI_DB.VCX... OK!
FEDI_DO.VCT... OK!
FEDI_DO.VCX... OK!
FEDI_DOC.VCT... OK!
FEDI_DOC.VCX... OK!
FEDI_DOC_AD.VCT... OK!
FEDI_DOC_AD.VCX... OK!
FEDI_DOC_CA.VCT... OK!
FEDI_DOC_CA.VCX... OK!
FEDI_DOC_CP.VCT... OK!
FEDI_DOC_CP.VCX... OK!
FEDI_DOCCOMMON.VCT... OK!
FEDI_DOCCOMMON.VCX... OK!
FEDI_DOCOMMESSA.VCT... OK!
FEDI_DOCOMMESSA.VCX... OK!
FEDI_DOSOTTOCOMMESSA.VCT... OK!
FEDI_DOSOTTOCOMMESSA.VCX... OK!
FEDI_IMPOSTAZIONE.VCT... OK!
FEDI_IMPOSTAZIONE.VCX... OK!
FEDI_NOTA_XPREVENTIVO.VCT... OK!
FEDI_NOTA_XPREVENTIVO.VCX... OK!
FEDI_PRATTIVITA.VCT... OK!
FEDI_PRATTIVITA.VCX... OK!
FEDI_PRRISORSA.VCT... OK!
FEDI_PRRISORSA.VCX... OK!
FEDI_XCONTATORELETTURAIMPORTTIPO.VCT... OK!
FEDI_XCONTATORELETTURAIMPORTTIPO.VCX... OK!
FEDI_XCONTATORETIPO.VCT... OK!
FEDI_XCONTATORETIPO.VCX... OK!
FEDI_XCONTRATTO.VCT... OK!
FEDI_XCONTRATTO.VCX... OK!
FEDI_XCONTRATTOIMPORTTIPO.VCT... OK!
FEDI_XCONTRATTOIMPORTTIPO.VCX... OK!
FEDI_XCONTRATTOTIPO.VCT... OK!
FEDI_XCONTRATTOTIPO.VCX... OK!
FEDI_XDOGRUPPO.VCT... OK!
FEDI_XDOGRUPPO.VCX... OK!
FEDI_XDOSOTTOCOMMESSAFEEDBACK.VCT... OK!
FEDI_XDOSOTTOCOMMESSAFEEDBACK.VCX... OK!
FEDI_XDOSOTTOCOMMESSAORIGINE.VCT... OK!
FEDI_XDOSOTTOCOMMESSAORIGINE.VCX... OK!
FEDI_XDOSOTTOCOMMESSATIPO.VCT... OK!
FEDI_XDOSOTTOCOMMESSATIPO.VCX... OK!
FEDI_XIMPIANTO.VCT... OK!
FEDI_XIMPIANTO.VCX... OK!
FEDI_XIMPOSTAZIONE.VCT... OK!
FEDI_XIMPOSTAZIONE.VCX... OK!
FEDI_XIMPOSTAZIONECCTIPO.VCT... OK!
FEDI_XIMPOSTAZIONECCTIPO.VCX... OK!
FEDI_XIMPOSTAZIONECSTIPO.VCT... OK!
FEDI_XIMPOSTAZIONECSTIPO.VCX... OK!
FEDI_XIMPOSTAZIONEPPTIPO.VCT... OK!
FEDI_XIMPOSTAZIONEPPTIPO.VCX... OK!
FEDI_XIMPOSTAZIONEPSTIPO.VCT... OK!
FEDI_XIMPOSTAZIONEPSTIPO.VCX... OK!
FEDI_XINTERVENTOPROG.VCT... OK!
FEDI_XINTERVENTOPROG.VCX... OK!
FEDI_XISTAT.VCT... OK!
FEDI_XISTAT.VCX... OK!
FEDI_XLS.VCT... OK!
FEDI_XLS.VCX... OK!
FEDI_XLSARGRUPPO.VCT... OK!
FEDI_XLSARGRUPPO.VCX... OK!
FEDI_XLSARMISURA.VCT... OK!
FEDI_XLSARMISURA.VCX... OK!
FEDI_XMATRICOLA.VCT... OK!
FEDI_XMATRICOLA.VCX... OK!
FEDI_XMMMODELLO.VCT... OK!
FEDI_XMMMODELLO.VCX... OK!
FEDI_XNOLEGGIO.VCT... OK!
FEDI_XNOLEGGIO.VCX... OK!
FEDI_XNOLEGGIOTIPO.VCT... OK!
FEDI_XNOLEGGIOTIPO.VCX... OK!
FEDI_XOPERATORE.VCT... OK!
FEDI_XOPERATORE.VCX... OK!
FEDI_XPREVENTIVO.VCT... OK!
FEDI_XPREVENTIVO.VCX... OK!
FEDI_XPREVENTIVOFAMIGLIA.VCT... OK!
FEDI_XPREVENTIVOFAMIGLIA.VCX... OK!
FEDI_XPREVENTIVOIMPORTARMISURA.VCT... OK!
FEDI_XPREVENTIVOIMPORTARMISURA.VCX... OK!
FEDI_XPREVENTIVOIMPORTTIPO.VCT... OK!
FEDI_XPREVENTIVOIMPORTTIPO.VCX... OK!
FEDI_XRDESITO.VCT... OK!
FEDI_XRDESITO.VCX... OK!
FEDI_XRDIMPORTTIPO.VCT... OK!
FEDI_XRDIMPORTTIPO.VCX... OK!
FEDI_XRDORIGINE.VCT... OK!
FEDI_XRDORIGINE.VCX... OK!
FEDI_XRDREPARTO.VCT... OK!
FEDI_XRDREPARTO.VCX... OK!
FEDI_XRDRILCAUSALE.VCT... OK!
FEDI_XRDRILCAUSALE.VCX... OK!
FEDI_XRDRILORIGINE.VCT... OK!
FEDI_XRDRILORIGINE.VCX... OK!
FEDI_XRDSTATO.VCT... OK!
FEDI_XRDSTATO.VCX... OK!
FEDI_XRDSTATO_SLA.VCT... OK!
FEDI_XRDSTATO_SLA.VCX... OK!
FEDI_XRDTICKET.VCT... OK!
FEDI_XRDTICKET.VCX... OK!
FEDI_XRDTICKETATTIVITA.VCT... OK!
FEDI_XRDTICKETATTIVITA.VCX... OK!
FEDI_XRDTICKETATTIVITA_LIGHT.VCT... OK!
FEDI_XRDTICKETATTIVITA_LIGHT.VCX... OK!
FEDI_XRDTICKETATTIVITAIMPORTTIPO.VCT... OK!
FEDI_XRDTICKETATTIVITAIMPORTTIPO.VCX... OK!
FEDI_XRDTICKETATTIVITAMOV_2IMP.VCT... OK!
FEDI_XRDTICKETATTIVITAMOV_2IMP.VCX... OK!
FEDI_XRDTICKETATTIVITAMOVRL.VCT... OK!
FEDI_XRDTICKETATTIVITAMOVRL.VCX... OK!
FEDI_XRDTIPO.VCT... OK!
FEDI_XRDTIPO.VCX... OK!
FEDI_XRDTIPOVALORIZZAZIONE.VCT... OK!
FEDI_XRDTIPOVALORIZZAZIONE.VCX... OK!
FEDI_XRINNOVOTIPO.VCT... OK!
FEDI_XRINNOVOTIPO.VCX... OK!
FEDI_XSLA.VCT... OK!
FEDI_XSLA.VCX... OK!
FEDI_XSPESA.VCT... OK!
FEDI_XSPESA.VCX... OK!
GACTOOLS.VCT... OK!
GACTOOLS.VCX... OK!
GEN_XASSISTENZATUTORIAL.VCT... OK!
GEN_XASSISTENZATUTORIAL.VCX... OK!
GEN_XNOLEGGIOTUTORIAL.VCT... OK!
GEN_XNOLEGGIOTUTORIAL.VCX... OK!
REPO_DOSOTTOCOMMESSA.VCT... OK!
REPO_DOSOTTOCOMMESSA.VCX... OK!
REPO_XCONTATORELETTURA.VCT... OK!
REPO_XCONTATORELETTURA.VCX... OK!
REPO_XCONTRATTO.VCT... OK!
REPO_XCONTRATTO.VCX... OK!
REPO_XIMPIANTO.VCT... OK!
REPO_XIMPIANTO.VCX... OK!
REPO_XINTERVENTOPROG.VCT... OK!
REPO_XINTERVENTOPROG.VCX... OK!
REPO_XNOLEGGIO.VCT... OK!
REPO_XNOLEGGIO.VCX... OK!
REPO_XPREVENTIVO.VCT... OK!
REPO_XPREVENTIVO.VCX... OK!
REPO_XRDANALISI.VCT... OK!
REPO_XRDANALISI.VCX... OK!
REPO_XRDTICKET.VCT... OK!
REPO_XRDTICKET.VCX... OK!
REPO_XRDTICKETATTIVITAMOVRL.VCT... OK!
REPO_XRDTICKETATTIVITAMOVRL.VCX... OK!
REPO_XRDTICKETMODULI.VCT... OK!
REPO_XRDTICKETMODULI.VCX... OK!
REPO_XSTATOLAVORO.VCT... OK!
REPO_XSTATOLAVORO.VCX... OK!
SEL_XRDTICKETATTIVITA.VCT... OK!
SEL_XRDTICKETATTIVITA.VCX... OK!
SEL_XRDTICKETATTIVITAMOV.VCT... OK!
SEL_XRDTICKETATTIVITAMOV.VCX... OK!
XGACVERSION.VCT... OK!
XGACVERSION.VCX... OK!

Copia dei programmi:
CLN_XLSBASE.FXP... OK!
CLN_XLSBASE.PRG... OK!
CMD_XCONTATORELETTURA.FXP... OK!
CMD_XCONTRATTO_INITIP.FXP... OK!
CMD_XINTERVENTOPROG.FXP... OK!
CMD_XLSIMPORT.FXP... OK!
CMD_XRDTICKETATTIVITAMOV_2IMP.FXP... OK!
CMD_XRDTICKETATTIVITAMOV_2IMP_TS.FXP... OK!
FEDI_DOC_GAC.FXP... OK!
FEDI_XCONTRATTO.FXP... OK!
FEDI_XIMPIANTO.FXP... OK!
FEDI_XNOLEGGIO.FXP... OK!
FEDI_XPREVENTIVO.FXP... OK!
LSN_COMET.FXP... OK!
LSN_COMET.PRG... OK!
LSN_METEL.FXP... OK!
LSN_METEL.PRG... OK!
LSN_SIEMENS.FXP... OK!
LSN_SIEMENS.PRG... OK!
PRN_CSVBASE.FXP... OK!
PRN_CSVBASE.PRG... OK!
RDA_XLSBASE.FXP... OK!
RDA_XLSBASE.PRG... OK!
RDN_CSVBASE.FXP... OK!
RDN_CSVBASE.PRG... OK!
RDN_CSVOPERATORIMATRICOLA.FXP... OK!
RDN_CSVOPERATORIMATRICOLA.PRG... OK!
RDN_CSVTOCHECK.FXP... OK!
RDN_CSVTOCHECK.PRG... OK!
RDN_XLSBASE.FXP... OK!
RDN_XLSBASE.PRG... OK!
RDN_XLSBASE_CA.FXP... OK!
RDN_XLSBASE_CA.PRG... OK!
RDN_XLSOPERATORIMATRICOLA.FXP... OK!
RDN_XLSOPERATORIMATRICOLA.PRG... OK!
XCO_CSVBASE.FXP... OK!
XCO_CSVBASE.PRG... OK!
XOP_XLSBASE_CA.FXP... OK!
XOP_XLSBASE_CA.PRG... OK!

Copia delle librerie:
GACCTRL.VCT... OK!
GACCTRL.VCX... OK!

Installazione personalizzazione Terminata

Esecuzione di C:\USERS\MARCO.CARDINALE\DOWNLOADS\CCAN430-SETUP\CCAN430-SETUP\Post_Install.prg